<?xml version="1.0" encoding="UTF-8"?>
<!-- Generated by org.testng.reporters.JUnitReportReporter -->
<testsuite hostname="DESKTOP-7NIOA1I" failures="0" tests="1" name="alertClass.AlertCancelButton" time="26.836" errors="0" timestamp="2022-06-25T13:21:46 IST" skipped="0">
  <testcase classname="alertClass.AlertCancelButton" name="popupAlertCancelButton" time="26.836"/>
  <system-out/>
</testsuite> <!-- alertClass.AlertCancelButton -->
