<?xml version="1.0" encoding="UTF-8"?>
<!-- Generated by org.testng.reporters.JUnitReportReporter -->
<testsuite hostname="DESKTOP-7NIOA1I" failures="0" tests="2" name="testNG.TestNG_Groups" time="9.518" errors="0" timestamp="2022-06-21T17:03:28 IST" skipped="0">
  <testcase classname="testNG.TestNG_Groups" name="gmail" time="5.717"/>
  <system-out/>
  <testcase classname="testNG.TestNG_Groups" name="google" time="3.801"/>
  <system-out/>
</testsuite> <!-- testNG.TestNG_Groups -->
