<?xml version="1.0" encoding="UTF-8"?>
<!-- Generated by org.testng.reporters.JUnitReportReporter -->
<testsuite hostname="DESKTOP-7NIOA1I" failures="0" tests="2" name="testNG.TestNG_Description" time="22.830" errors="0" timestamp="2022-06-18T17:06:27 IST" skipped="0">
  <testcase classname="testNG.TestNG_Description" name="testCase_1" time="13.253"/>
  <system-out/>
  <testcase classname="testNG.TestNG_Description" name="testCase_2" time="9.577"/>
  <system-out/>
</testsuite> <!-- testNG.TestNG_Description -->
