<?xml version="1.0" encoding="UTF-8"?>
<!-- Generated by org.testng.reporters.JUnitReportReporter -->
<testsuite hostname="DESKTOP-7NIOA1I" failures="0" tests="1" name="log4j.Log4jDemo" time="14.786" errors="0" timestamp="2022-06-29T16:39:54 IST" skipped="0">
  <testcase classname="log4j.Log4jDemo" name="log4jDemo" time="14.786"/>
  <system-out/>
</testsuite> <!-- log4j.Log4jDemo -->
