<?xml version="1.0" encoding="UTF-8"?>
<!-- Generated by org.testng.reporters.JUnitReportReporter -->
<testsuite hostname="DESKTOP-7NIOA1I" failures="0" tests="1" name="alertClass.AlertOkButton" time="19.769" errors="0" timestamp="2022-06-25T13:16:21 IST" skipped="0">
  <testcase classname="alertClass.AlertOkButton" name="popupAlertOkButton" time="19.769"/>
  <system-out/>
</testsuite> <!-- alertClass.AlertOkButton -->
