<?xml version="1.0" encoding="UTF-8"?>
<!-- Generated by org.testng.reporters.JUnitReportReporter -->
<testsuite hostname="DESKTOP-7NIOA1I" failures="0" tests="5" name="testNG.TestNG_AlphabaticalOrder" time="24.902" errors="0" timestamp="2022-06-18T10:54:04 IST" skipped="0">
  <testcase classname="testNG.TestNG_AlphabaticalOrder" name="facebook" time="5.173"/>
  <system-out/>
  <testcase classname="testNG.TestNG_AlphabaticalOrder" name="selenium" time="3.303"/>
  <system-out/>
  <testcase classname="testNG.TestNG_AlphabaticalOrder" name="google" time="4.142"/>
  <system-out/>
  <testcase classname="testNG.TestNG_AlphabaticalOrder" name="gmail" time="5.967"/>
  <system-out/>
  <testcase classname="testNG.TestNG_AlphabaticalOrder" name="twitter" time="6.317"/>
  <system-out/>
</testsuite> <!-- testNG.TestNG_AlphabaticalOrder -->
