<?xml version="1.0" encoding="UTF-8"?>
<!-- Generated by org.testng.reporters.JUnitReportReporter -->
<testsuite hostname="DESKTOP-7NIOA1I" failures="0" tests="5" name="testNG.TestNG_Include_Exclude" time="16.984" errors="0" timestamp="2022-06-20T16:26:02 IST" skipped="0">
  <testcase classname="testNG.TestNG_Include_Exclude" name="facebook" time="3.513"/>
  <system-out/>
  <testcase classname="testNG.TestNG_Include_Exclude" name="selenium" time="3.174"/>
  <system-out/>
  <testcase classname="testNG.TestNG_Include_Exclude" name="google" time="2.754"/>
  <system-out/>
  <testcase classname="testNG.TestNG_Include_Exclude" name="gmail" time="4.475"/>
  <system-out/>
  <testcase classname="testNG.TestNG_Include_Exclude" name="twitter" time="3.068"/>
  <system-out/>
</testsuite> <!-- testNG.TestNG_Include_Exclude -->
