<?xml version="1.0" encoding="UTF-8"?>
<!-- Generated by org.testng.reporters.JUnitReportReporter -->
<testsuite hostname="DESKTOP-7NIOA1I" failures="0" tests="1" name="testNG.LaunchBrowser" time="3.870" errors="0" timestamp="2022-06-17T11:20:22 IST" skipped="0">
  <testcase classname="testNG.LaunchBrowser" name="google" time="3.870"/>
  <system-out/>
</testsuite> <!-- testNG.LaunchBrowser -->
