<?xml version="1.0" encoding="UTF-8"?>
<!-- Generated by org.testng.reporters.JUnitReportReporter -->
<testsuite hostname="DESKTOP-7NIOA1I" failures="0" tests="4" name="testNG.TestNG_Skip_Ignore_Disable" time="9.909" errors="0" timestamp="2022-06-18T16:47:06 IST" skipped="1">
  <testcase classname="testNG.TestNG_Skip_Ignore_Disable" name="selenium" time="3.510"/>
  <system-out/>
  <testcase classname="testNG.TestNG_Skip_Ignore_Disable" name="facebook" time="2.420"/>
  <system-out/>
  <testcase classname="testNG.TestNG_Skip_Ignore_Disable" name="google" time="3.979"/>
  <system-out/>
  <testcase classname="testNG.TestNG_Skip_Ignore_Disable" name="twitter">
    <skipped/>
  </testcase> <!-- twitter -->
  <system-out/>
</testsuite> <!-- testNG.TestNG_Skip_Ignore_Disable -->
