<?xml version="1.0" encoding="UTF-8"?>
<!-- Generated by org.testng.reporters.JUnitReportReporter -->
<testsuite hostname="DESKTOP-7NIOA1I" failures="0" tests="1" name="sikuli.SikuliDemo" time="25.926" errors="0" timestamp="2022-06-28T12:52:19 IST" skipped="0">
  <testcase classname="sikuli.SikuliDemo" name="sikuliAutomation" time="25.926"/>
  <system-out/>
</testsuite> <!-- sikuli.SikuliDemo -->
