<?xml version="1.0" encoding="UTF-8"?>
<!-- Generated by org.testng.reporters.JUnitReportReporter -->
<testsuite hostname="DESKTOP-7NIOA1I" failures="0" tests="4" name="testNG.TestNG_Priority" time="20.480" errors="0" timestamp="2022-06-18T16:41:05 IST" skipped="0">
  <testcase classname="testNG.TestNG_Priority" name="selenium" time="3.091"/>
  <system-out/>
  <testcase classname="testNG.TestNG_Priority" name="twitter" time="4.001"/>
  <system-out/>
  <testcase classname="testNG.TestNG_Priority" name="facebook" time="8.701"/>
  <system-out/>
  <testcase classname="testNG.TestNG_Priority" name="google" time="4.687"/>
  <system-out/>
</testsuite> <!-- testNG.TestNG_Priority -->
