<?xml version="1.0" encoding="UTF-8"?>
<!-- Generated by org.testng.reporters.JUnitReportReporter -->
<testsuite hostname="DESKTOP-7NIOA1I" failures="0" tests="2" name="testNG.TestNG_TimeOut" time="37.330" errors="0" timestamp="2022-06-20T15:49:54 IST" skipped="0">
  <testcase classname="testNG.TestNG_TimeOut" name="googleSearchSelenium" time="27.373"/>
  <system-out/>
  <testcase classname="testNG.TestNG_TimeOut" name="googleSearchTestNG" time="9.957"/>
  <system-out/>
</testsuite> <!-- testNG.TestNG_TimeOut -->
