<?xml version="1.0" encoding="UTF-8"?>
<!-- Generated by org.testng.reporters.JUnitReportReporter -->
<testsuite hostname="DESKTOP-7NIOA1I" failures="0" tests="1" name="advancedFeatures.DropDown" time="9.621" errors="0" timestamp="2022-06-22T11:37:13 IST" skipped="0">
  <testcase classname="advancedFeatures.DropDown" name="dropdown" time="9.621"/>
  <system-out/>
</testsuite> <!-- advancedFeatures.DropDown -->
