<?xml version="1.0" encoding="UTF-8"?>
<!-- Generated by org.testng.reporters.JUnitReportReporter -->
<testsuite hostname="DESKTOP-7NIOA1I" failures="0" tests="2" name="testNG.TestNG_DependsOnMethod" time="13.200" errors="0" timestamp="2022-06-20T15:57:50 IST" skipped="0">
  <testcase classname="testNG.TestNG_DependsOnMethod" name="method2" time="5.074"/>
  <system-out/>
  <testcase classname="testNG.TestNG_DependsOnMethod" name="method1" time="8.126"/>
  <system-out/>
</testsuite> <!-- testNG.TestNG_DependsOnMethod -->
